<?xml version="1.0" encoding="UTF-8"?>
<testng-results skipped="0" failed="0" ignored="0" total="1" passed="1">
  <reporter-output>
  </reporter-output>
  <suite name="Default suite" duration-ms="25995" started-at="2019-12-10T20:03:28Z" finished-at="2019-12-10T20:03:54Z">
    <groups>
    </groups>
    <test name="Default test" duration-ms="25995" started-at="2019-12-10T20:03:28Z" finished-at="2019-12-10T20:03:54Z">
      <class name="test.HotelBookingTest">
        <test-method status="PASS" signature="shouldBeAbleToSearchForHotels()[pri:0, instance:test.HotelBookingTest@52719fb6]" name="shouldBeAbleToSearchForHotels" duration-ms="25973" started-at="2019-12-11T01:33:28Z" finished-at="2019-12-11T01:33:54Z">
          <reporter-output>
          </reporter-output>
        </test-method> <!-- shouldBeAbleToSearchForHotels -->
      </class> <!-- test.HotelBookingTest -->
    </test> <!-- Default test -->
  </suite> <!-- Default suite -->
</testng-results>
